<?xml version="1.0" encoding="UTF-8"?>
<testsuite name="Exercise02Test" tests="1" skipped="0" failures="0" errors="0" timestamp="2019-05-15T02:55:41" hostname="Admin" time="0.017">
  <properties/>
  <testcase name="test_calTotal" classname="Exercise02Test" time="0.017"/>
  <system-out><![CDATA[]]></system-out>
  <system-err><![CDATA[]]></system-err>
</testsuite>
