<?xml version="1.0" encoding="UTF-8"?>
<testsuite name="Exercise08Test" tests="1" skipped="0" failures="0" errors="0" timestamp="2019-05-15T02:55:42" hostname="Admin" time="0.005">
  <properties/>
  <testcase name="test_calculateFactorial" classname="Exercise08Test" time="0.005"/>
  <system-out><![CDATA[]]></system-out>
  <system-err><![CDATA[]]></system-err>
</testsuite>
